Arguments: 
  /Users/itomescu/.nvm/versions/node/v17.9.0/bin/node /Users/itomescu/.nvm/versions/node/v17.9.0/bin/yarn install

PATH: 
  /Users/itomescu/.nvm/versions/node/v17.9.0/bin:/usr/local/bin:/usr/bin:/bin:/usr/sbin:/sbin:/usr/local/munki

Yarn version: 
  1.22.18

Node version: 
  17.9.0

Platform: 
  darwin x64

Trace: 
  Error: https://registry.yarnpkg.com/core-js/-/core-js-2.6.12.tgz: ESOCKETTIMEDOUT
      at ClientRequest.<anonymous> (/Users/itomescu/.nvm/versions/node/v17.9.0/lib/node_modules/yarn/lib/cli.js:141510:19)
      at Object.onceWrapper (node:events:641:28)
      at ClientRequest.emit (node:events:527:28)
      at TLSSocket.emitRequestTimeout (node:_http_client:771:9)
      at Object.onceWrapper (node:events:641:28)
      at TLSSocket.emit (node:events:539:35)
      at TLSSocket.Socket._onTimeout (node:net:522:8)
      at listOnTimeout (node:internal/timers:559:17)
      at processTimers (node:internal/timers:502:7)

npm manifest: 
  {
    "name": "notes",
    "version": "0.1.0",
    "private": true,
    "dependencies": {
      "@testing-library/jest-dom": "^5.16.4",
      "@testing-library/react": "^13.2.0",
      "@testing-library/user-event": "^14.1.1",
      "axios": "^0.27.2",
      "react": "^18.1.0",
      "react-dom": "^18.1.0",
      "react-scripts": "^2.1.3",
      "web-vitals": "^2.1.4"
    },
    "scripts": {
      "start": "react-scripts start",
      "build": "react-scripts build",
      "test": "react-scripts test",
      "eject": "react-scripts eject",
      "server": "json-server -p3001 --watch db.json"
    },
    "eslintConfig": {
      "extends": [
        "react-app",
        "react-app/jest"
      ]
    },
    "browserslist": {
      "production": [
        ">0.2%",
        "not dead",
        "not op_mini all"
      ],
      "development": [
        "last 1 chrome version",
        "last 1 firefox version",
        "last 1 safari version"
      ]
    },
    "devDependencies": {
      "json-server": "^0.17.0"
    }
  }

yarn manifest: 
  No manifest

Lockfile: 
  No lockfile
